<?xml version="1.0" encoding="UTF-8"?>
<!-- Generated by org.testng.reporters.JUnitReportReporter -->
<testsuite hostname="DESKTOP-0K61SCL" failures="0" tests="6" name="com.qa.KalyanJewellers.KJCases" time="96.473" errors="0" timestamp="2021-05-04T15:28:12 IST" skipped="0">
  <testcase classname="com.qa.KalyanJewellers.KJCases" name="SearchTest" time="32.616"/>
  <system-out>
    <![CDATA[price of Thrift Gold Chain : Rs. 17,373
price of Lucian Gold Chain : Rs. 28,480
price of Owen Gold Chain : Rs. 54,976
price of Kamal Gold Chain : Rs. 38,571
price of Gianna Gold Chain : Rs. 50,934
price of Sebestian Gold Chain : Rs. 84,321
price of Darrell Gold Chain : Rs. 81,479
price of Darian Gold Chain : Rs. 58,787
price of William Gold Chain : Rs. 1,37,661
price of Frail Trail Gold Chain : Rs. 31,106
price of Highway Gold Chain : Rs. 39,652
price of Cleo Gold Chain : Rs. 1,10,129
price of Sonia Gold Chain : Rs. 81,419
price of Dolores Gold Chain : Rs. 94,869
price of Isabella Gold Chain : Rs. 67,006
price of Victor Gold Chain : Rs. 81,479]]>
  </system-out>
  <testcase classname="com.qa.KalyanJewellers.KJCases" name="SearchTest" time="17.912"/>
  <system-out>
    <![CDATA[price of Deepali Diamond Eng... : Rs. 27,921
price of Leaflet Diamond Mul... : Rs. 8,337
price of Asterism Diamond Mu... : Rs. 17,495
price of Winterize Diamond M... : Rs. 17,337
price of Icy Hearts Diamond ... : Rs. 12,721
price of Entire Diamond Mult... : Rs. 9,975
price of Snowdrops Diamond M... : Rs. 11,021
price of Wand Diamond Multi ... : Rs. 10,431
price of Mizuki Diamond Mult... : Rs. 8,078
price of Orca Diamond Multi ... : Rs. 7,882
price of Cresent Moon Diamon... : Rs. 8,078
price of Spirea Diamond Mult... : Rs. 24,358
price of Ross Diamond Ring : Rs. 17,548
price of Plumeria Diamond Mu... : Rs. 8,670
price of Hearty Eyed Diamond... : Rs. 8,078
price of Visola Nivara Lappa... : Rs. 52,309]]>
  </system-out>
  <testcase classname="com.qa.KalyanJewellers.KJCases" name="SearchTest" time="9.213"/>
  <system-out>
    <![CDATA[price of Leaflet Diamond Mul... : Rs. 8,337
price of Asterism Diamond Mu... : Rs. 17,495
price of Winterize Diamond M... : Rs. 17,337
price of Icy Hearts Diamond ... : Rs. 12,721
price of Entire Diamond Mult... : Rs. 9,975
price of Snowdrops Diamond M... : Rs. 11,021
price of Wand Diamond Multi ... : Rs. 10,431
price of Mizuki Diamond Mult... : Rs. 8,078
price of Orca Diamond Multi ... : Rs. 7,882
price of Cresent Moon Diamon... : Rs. 8,078
price of Spirea Diamond Mult... : Rs. 24,358
price of Abhita Kyra Gold Ea... : Rs. 18,815
price of Plumeria Diamond Mu... : Rs. 8,670
price of Hearty Eyed Diamond... : Rs. 8,078
price of Asmita Kyra Gold Ea... : Rs. 18,815
price of Hrimati Kyra Gold E... : Rs. 14,635]]>
  </system-out>
  <testcase classname="com.qa.KalyanJewellers.KJCases" name="SearchTest" time="9.681"/>
  <system-out>
    <![CDATA[price of Deepali Diamond Eng... : Rs. 27,921
price of Ross Diamond Ring : Rs. 17,548
price of Aaralyn Miracle Pla... : Rs. 12,461
price of Jasleen Kyra Gold Ring : Rs. 6,318
price of Yaksh Diamond Ring : Rs. 43,454
price of Maurice Diamond Ring : Rs. 30,786
price of Axel Cross Diamond ... : Rs. 15,850
price of Ronja Swarovski® Zi... : Rs. 11,048
price of Snuggled Up Diamond... : Rs. 10,938
price of Zitin Diamond Ring : Rs. 17,991
price of Cupidstruck Diamond... : Rs. 14,880
price of Heart N Soul Diamon... : Rs. 10,614
price of Neil Diamond Ring : Rs. 19,994
price of Albert Diamond Ring : Rs. 60,467
price of Kabir Diamond Ring : Rs. 19,990
price of Inverted Diamond Ring : Rs. 17,707]]>
  </system-out>
  <testcase classname="com.qa.KalyanJewellers.KJCases" name="SearchTest" time="11.854"/>
  <system-out>
    <![CDATA[price of Deepali Diamond Eng... : Rs. 27,921
price of Priyak Tushi Kyra G... : Rs. 21,528
price of Ross Diamond Ring : Rs. 17,548
price of Nidhra Tushi Kyra G... : Rs. 29,501
price of Avery Gold Chain : Rs. 26,556
price of Yaksh Diamond Ring : Rs. 43,454
price of Maurice Diamond Ring : Rs. 30,786
price of William Gold Earring : Rs. 8,577
price of Axel Cross Diamond ... : Rs. 15,850
price of Zitin Diamond Ring : Rs. 17,991
price of Heart N Soul Diamon... : Rs. 10,614
price of Neil Diamond Ring : Rs. 19,994
price of Manjori Tushi Kyra ... : Rs. 35,796
price of Asteroids Miracle P... : Rs. 32,126
price of Kabir Diamond Ring : Rs. 19,990
price of Clave Diamond Ring : Rs. 30,385]]>
  </system-out>
  <testcase classname="com.qa.KalyanJewellers.KJCases" name="SearchTest" time="15.197"/>
  <system-out>
    <![CDATA[No Item Found]]>
  </system-out>
</testsuite> <!-- com.qa.KalyanJewellers.KJCases -->
