<?xml version="1.0" encoding="UTF-8"?>
<!-- Generated by org.testng.reporters.JUnitXMLReporter -->
<testsuite hostname="DESKTOP-1837T0L" ignored="0" name="jioMart" tests="6" failures="0" timestamp="2021-05-03T17:47:46 IST" time="117.839" errors="0">
  <testcase name="SearchTest" time="9.8" classname="com.qa.KalyanJewellers.KJCases"/>
  <testcase name="SearchTest" time="15.53" classname="com.qa.KalyanJewellers.KJCases"/>
  <testcase name="SearchTest" time="19.554" classname="com.qa.KalyanJewellers.KJCases"/>
  <testcase name="SearchTest" time="19.384" classname="com.qa.KalyanJewellers.KJCases"/>
  <testcase name="SearchTest" time="18.395" classname="com.qa.KalyanJewellers.KJCases"/>
  <testcase name="SearchTest" time="20.798" classname="com.qa.KalyanJewellers.KJCases"/>
</testsuite> <!-- jioMart -->
