<?xml version="1.0" encoding="UTF-8"?>
<!-- Generated by org.testng.reporters.JUnitXMLReporter -->
<testsuite ignored="0" hostname="DESKTOP-0K61SCL" failures="0" tests="6" name="KalyanJ" time="128.265" errors="0" timestamp="2021-05-04T15:28:12 IST">
  <testcase classname="com.qa.KalyanJewellers.KJCases" name="SearchTest" time="32.616"/>
  <testcase classname="com.qa.KalyanJewellers.KJCases" name="SearchTest" time="9.681"/>
  <testcase classname="com.qa.KalyanJewellers.KJCases" name="SearchTest" time="17.912"/>
  <testcase classname="com.qa.KalyanJewellers.KJCases" name="SearchTest" time="9.213"/>
  <testcase classname="com.qa.KalyanJewellers.KJCases" name="SearchTest" time="15.197"/>
  <testcase classname="com.qa.KalyanJewellers.KJCases" name="SearchTest" time="11.854"/>
</testsuite> <!-- KalyanJ -->
